<?xml version="1.0" encoding="UTF-8"?>
<!-- Generated by org.testng.reporters.JUnitReportReporter -->
<testsuite hostname="Windows-01" failures="0" tests="3" name="testcases.Logintest" time="37.443" errors="0" timestamp="2023-03-30T16:41:46 IST" skipped="0">
  <testcase classname="testcases.Logintest" name="LoginSuccess" time="12.636"/>
  <system-out/>
  <testcase classname="testcases.Logintest" name="Loginfailure" time="12.005"/>
  <system-out/>
  <testcase classname="testcases.Logintest" name="parameterTest" time="12.802"/>
  <system-out/>
</testsuite> <!-- testcases.Logintest -->
