<?xml version="1.0" encoding="UTF-8"?>
<!-- Generated by org.testng.reporters.JUnitReportReporter -->
<testsuite hostname="Windows-01" failures="0" tests="3" name="testcases.Logintest" time="46.471" errors="0" timestamp="2023-04-03T18:39:13 IST" skipped="0">
  <testcase classname="testcases.Logintest" name="parameterTest" time="16.443"/>
  <system-out/>
  <testcase classname="testcases.Logintest" name="LoginSuccess" time="15.410"/>
  <system-out/>
  <testcase classname="testcases.Logintest" name="Loginfailure" time="14.618"/>
  <system-out/>
</testsuite> <!-- testcases.Logintest -->
